CRITICAL - 2022-11-14 21:38:24 --> No file was uploaded.
in APPPATH\Controllers\ProfileImage.php on line 16.
 1 SYSTEMPATH\CodeIgniter.php(902): App\Controllers\ProfileImage->update()
 2 SYSTEMPATH\CodeIgniter.php(457): CodeIgniter\CodeIgniter->runController(Object(App\Controllers\ProfileImage))
 3 SYSTEMPATH\CodeIgniter.php(340): CodeIgniter\CodeIgniter->handleRequest(null, Object(Config\Cache), false)
 4 FCPATH\index.php(67): CodeIgniter\CodeIgniter->run()
CRITICAL - 2022-11-14 21:51:10 --> Call to a member function isValid() on null
in APPPATH\Controllers\ProfileImage.php on line 15.
 1 SYSTEMPATH\CodeIgniter.php(902): App\Controllers\ProfileImage->update()
 2 SYSTEMPATH\CodeIgniter.php(457): CodeIgniter\CodeIgniter->runController(Object(App\Controllers\ProfileImage))
 3 SYSTEMPATH\CodeIgniter.php(340): CodeIgniter\CodeIgniter->handleRequest(null, Object(Config\Cache), false)
 4 FCPATH\index.php(67): CodeIgniter\CodeIgniter->run()
CRITICAL - 2022-11-14 22:01:35 --> The framework needs the following extension(s) installed and loaded: GD.
in SYSTEMPATH\Exceptions\FrameworkException.php on line 54.
 1 SYSTEMPATH\Images\Handlers\GDHandler.php(34): CodeIgniter\Exceptions\FrameworkException::forMissingExtension('GD')
 2 SYSTEMPATH\Config\Services.php(337): CodeIgniter\Images\Handlers\GDHandler->__construct(Object(Config\Images))
 3 SYSTEMPATH\Config\BaseService.php(253): CodeIgniter\Config\Services::image('gd', Object(Config\Images), false)
 4 SYSTEMPATH\Config\BaseService.php(194): CodeIgniter\Config\BaseService::__callStatic('image', [...])
 5 SYSTEMPATH\Config\Services.php(330): CodeIgniter\Config\BaseService::getSharedInstance('image', null, null)
 6 SYSTEMPATH\Config\BaseService.php(253): CodeIgniter\Config\Services::image()
 7 SYSTEMPATH\Common.php(967): CodeIgniter\Config\BaseService::__callStatic('image', [])
 8 APPPATH\Controllers\ProfileImage.php(41): service('image')
 9 SYSTEMPATH\CodeIgniter.php(902): App\Controllers\ProfileImage->update()
10 SYSTEMPATH\CodeIgniter.php(457): CodeIgniter\CodeIgniter->runController(Object(App\Controllers\ProfileImage))
11 SYSTEMPATH\CodeIgniter.php(340): CodeIgniter\CodeIgniter->handleRequest(null, Object(Config\Cache), false)
12 FCPATH\index.php(67): CodeIgniter\CodeIgniter->run()
CRITICAL - 2022-11-14 22:03:11 --> The framework needs the following extension(s) installed and loaded: GD.
in SYSTEMPATH\Exceptions\FrameworkException.php on line 54.
 1 SYSTEMPATH\Images\Handlers\GDHandler.php(34): CodeIgniter\Exceptions\FrameworkException::forMissingExtension('GD')
 2 SYSTEMPATH\Config\Services.php(337): CodeIgniter\Images\Handlers\GDHandler->__construct(Object(Config\Images))
 3 SYSTEMPATH\Config\BaseService.php(253): CodeIgniter\Config\Services::image('gd', Object(Config\Images), false)
 4 SYSTEMPATH\Config\BaseService.php(194): CodeIgniter\Config\BaseService::__callStatic('image', [...])
 5 SYSTEMPATH\Config\Services.php(330): CodeIgniter\Config\BaseService::getSharedInstance('image', null, null)
 6 SYSTEMPATH\Config\BaseService.php(253): CodeIgniter\Config\Services::image()
 7 SYSTEMPATH\Common.php(967): CodeIgniter\Config\BaseService::__callStatic('image', [])
 8 APPPATH\Controllers\ProfileImage.php(41): service('image')
 9 SYSTEMPATH\CodeIgniter.php(902): App\Controllers\ProfileImage->update()
10 SYSTEMPATH\CodeIgniter.php(457): CodeIgniter\CodeIgniter->runController(Object(App\Controllers\ProfileImage))
11 SYSTEMPATH\CodeIgniter.php(340): CodeIgniter\CodeIgniter->handleRequest(null, Object(Config\Cache), false)
12 FCPATH\index.php(67): CodeIgniter\CodeIgniter->run()
CRITICAL - 2022-11-14 22:03:49 --> File not found: C:\Users\nicol\Desktop\udemycdicourse\taskapp\writable\uploadsprofile_images/1668474229_0ad1826f3d703f73470e.png
in SYSTEMPATH\Files\File.php on line 46.
 1 SYSTEMPATH\Files\File.php(46): CodeIgniter\Files\Exceptions\FileNotFoundException::forFileNotFound('ROOTPATH\\writable\\uploadsprofile_images/1668474229_0ad1826f3d703f73470e.png')
 2 SYSTEMPATH\Images\Handlers\BaseHandler.php(148): CodeIgniter\Files\File->__construct('ROOTPATH\\writable\\uploadsprofile_images/1668474229_0ad1826f3d703f73470e.png', true)
 3 APPPATH\Controllers\ProfileImage.php(42): CodeIgniter\Images\Handlers\BaseHandler->withFile('ROOTPATH\\writable\\uploadsprofile_images/1668474229_0ad1826f3d703f73470e.png')
 4 SYSTEMPATH\CodeIgniter.php(902): App\Controllers\ProfileImage->update()
 5 SYSTEMPATH\CodeIgniter.php(457): CodeIgniter\CodeIgniter->runController(Object(App\Controllers\ProfileImage))
 6 SYSTEMPATH\CodeIgniter.php(340): CodeIgniter\CodeIgniter->handleRequest(null, Object(Config\Cache), false)
 7 FCPATH\index.php(67): CodeIgniter\CodeIgniter->run()
CRITICAL - 2022-11-14 22:04:33 --> File not found: C:\Users\nicol\Desktop\udemycdicourse\taskapp\writable\uploadsprofile_images/1668474273_0293a111292395d31738.png
in SYSTEMPATH\Files\File.php on line 46.
 1 SYSTEMPATH\Files\File.php(46): CodeIgniter\Files\Exceptions\FileNotFoundException::forFileNotFound('ROOTPATH\\writable\\uploadsprofile_images/1668474273_0293a111292395d31738.png')
 2 SYSTEMPATH\Images\Handlers\BaseHandler.php(148): CodeIgniter\Files\File->__construct('ROOTPATH\\writable\\uploadsprofile_images/1668474273_0293a111292395d31738.png', true)
 3 APPPATH\Controllers\ProfileImage.php(42): CodeIgniter\Images\Handlers\BaseHandler->withFile('ROOTPATH\\writable\\uploadsprofile_images/1668474273_0293a111292395d31738.png')
 4 SYSTEMPATH\CodeIgniter.php(902): App\Controllers\ProfileImage->update()
 5 SYSTEMPATH\CodeIgniter.php(457): CodeIgniter\CodeIgniter->runController(Object(App\Controllers\ProfileImage))
 6 SYSTEMPATH\CodeIgniter.php(340): CodeIgniter\CodeIgniter->handleRequest(null, Object(Config\Cache), false)
 7 FCPATH\index.php(67): CodeIgniter\CodeIgniter->run()
CRITICAL - 2022-11-14 22:13:16 --> Call to undefined method App\Libraries\Authentication::getCurretUser()
in APPPATH\Controllers\ProfileImage.php on line 46.
 1 SYSTEMPATH\CodeIgniter.php(902): App\Controllers\ProfileImage->update()
 2 SYSTEMPATH\CodeIgniter.php(457): CodeIgniter\CodeIgniter->runController(Object(App\Controllers\ProfileImage))
 3 SYSTEMPATH\CodeIgniter.php(340): CodeIgniter\CodeIgniter->handleRequest(null, Object(Config\Cache), false)
 4 FCPATH\index.php(67): CodeIgniter\CodeIgniter->run()
