CRITICAL - 2022-10-28 16:43:43 --> Attempt to read property "is_admin" on null
in APPPATH\Filters\AdminFilter.php on line 15.
 1 APPPATH\Filters\AdminFilter.php(15): CodeIgniter\Debug\Exceptions->errorHandler(2, 'Attempt to read property "is_admin" on null', 'APPPATH\\Filters\\AdminFilter.php', 15)
 2 SYSTEMPATH\Filters\Filters.php(173): App\Filters\AdminFilter->before(Object(CodeIgniter\HTTP\IncomingRequest), null)
 3 SYSTEMPATH\CodeIgniter.php(431): CodeIgniter\Filters\Filters->run('admin/users', 'before')
 4 SYSTEMPATH\CodeIgniter.php(340): CodeIgniter\CodeIgniter->handleRequest(null, Object(Config\Cache), false)
 5 FCPATH\index.php(67): CodeIgniter\CodeIgniter->run()
CRITICAL - 2022-10-28 16:43:46 --> Attempt to read property "is_admin" on null
in APPPATH\Filters\AdminFilter.php on line 15.
 1 APPPATH\Filters\AdminFilter.php(15): CodeIgniter\Debug\Exceptions->errorHandler(2, 'Attempt to read property "is_admin" on null', 'APPPATH\\Filters\\AdminFilter.php', 15)
 2 SYSTEMPATH\Filters\Filters.php(173): App\Filters\AdminFilter->before(Object(CodeIgniter\HTTP\IncomingRequest), null)
 3 SYSTEMPATH\CodeIgniter.php(431): CodeIgniter\Filters\Filters->run('admin/users/delete/12', 'before')
 4 SYSTEMPATH\CodeIgniter.php(340): CodeIgniter\CodeIgniter->handleRequest(null, Object(Config\Cache), false)
 5 FCPATH\index.php(67): CodeIgniter\CodeIgniter->run()
CRITICAL - 2022-10-28 16:43:48 --> Attempt to read property "is_admin" on null
in APPPATH\Filters\AdminFilter.php on line 15.
 1 APPPATH\Filters\AdminFilter.php(15): CodeIgniter\Debug\Exceptions->errorHandler(2, 'Attempt to read property "is_admin" on null', 'APPPATH\\Filters\\AdminFilter.php', 15)
 2 SYSTEMPATH\Filters\Filters.php(173): App\Filters\AdminFilter->before(Object(CodeIgniter\HTTP\IncomingRequest), null)
 3 SYSTEMPATH\CodeIgniter.php(431): CodeIgniter\Filters\Filters->run('admin/users/show/12', 'before')
 4 SYSTEMPATH\CodeIgniter.php(340): CodeIgniter\CodeIgniter->handleRequest(null, Object(Config\Cache), false)
 5 FCPATH\index.php(67): CodeIgniter\CodeIgniter->run()
CRITICAL - 2022-10-28 16:43:51 --> Attempt to read property "is_admin" on null
in APPPATH\Filters\AdminFilter.php on line 15.
 1 APPPATH\Filters\AdminFilter.php(15): CodeIgniter\Debug\Exceptions->errorHandler(2, 'Attempt to read property "is_admin" on null', 'APPPATH\\Filters\\AdminFilter.php', 15)
 2 SYSTEMPATH\Filters\Filters.php(173): App\Filters\AdminFilter->before(Object(CodeIgniter\HTTP\IncomingRequest), null)
 3 SYSTEMPATH\CodeIgniter.php(431): CodeIgniter\Filters\Filters->run('admin/users/show/12', 'before')
 4 SYSTEMPATH\CodeIgniter.php(340): CodeIgniter\CodeIgniter->handleRequest(null, Object(Config\Cache), false)
 5 FCPATH\index.php(67): CodeIgniter\CodeIgniter->run()
CRITICAL - 2022-10-28 16:44:50 --> Attempt to read property "is_admin" on null
in APPPATH\Filters\AdminFilter.php on line 15.
 1 APPPATH\Filters\AdminFilter.php(15): CodeIgniter\Debug\Exceptions->errorHandler(2, 'Attempt to read property "is_admin" on null', 'APPPATH\\Filters\\AdminFilter.php', 15)
 2 SYSTEMPATH\Filters\Filters.php(173): App\Filters\AdminFilter->before(Object(CodeIgniter\HTTP\IncomingRequest), null)
 3 SYSTEMPATH\CodeIgniter.php(431): CodeIgniter\Filters\Filters->run('admin/users/show/12', 'before')
 4 SYSTEMPATH\CodeIgniter.php(340): CodeIgniter\CodeIgniter->handleRequest(null, Object(Config\Cache), false)
 5 FCPATH\index.php(67): CodeIgniter\CodeIgniter->run()
CRITICAL - 2022-10-28 16:44:56 --> Attempt to read property "is_admin" on null
in APPPATH\Filters\AdminFilter.php on line 15.
 1 APPPATH\Filters\AdminFilter.php(15): CodeIgniter\Debug\Exceptions->errorHandler(2, 'Attempt to read property "is_admin" on null', 'APPPATH\\Filters\\AdminFilter.php', 15)
 2 SYSTEMPATH\Filters\Filters.php(173): App\Filters\AdminFilter->before(Object(CodeIgniter\HTTP\IncomingRequest), null)
 3 SYSTEMPATH\CodeIgniter.php(431): CodeIgniter\Filters\Filters->run('admin/users', 'before')
 4 SYSTEMPATH\CodeIgniter.php(340): CodeIgniter\CodeIgniter->handleRequest(null, Object(Config\Cache), false)
 5 FCPATH\index.php(67): CodeIgniter\CodeIgniter->run()
ERROR - 2022-10-28 17:05:56 --> mysqli_sql_exception: Unknown column 'password_confirmation' in 'field list' in C:\Users\nicol\Desktop\udemycdicourse\taskapp\vendor\codeigniter4\framework\system\Database\MySQLi\Connection.php:292
Stack trace:
#0 C:\Users\nicol\Desktop\udemycdicourse\taskapp\vendor\codeigniter4\framework\system\Database\MySQLi\Connection.php(292): mysqli->query('INSERT INTO `us...', 0)
#1 C:\Users\nicol\Desktop\udemycdicourse\taskapp\vendor\codeigniter4\framework\system\Database\BaseConnection.php(693): CodeIgniter\Database\MySQLi\Connection->execute('INSERT INTO `us...')
#2 C:\Users\nicol\Desktop\udemycdicourse\taskapp\vendor\codeigniter4\framework\system\Database\BaseConnection.php(620): CodeIgniter\Database\BaseConnection->simpleQuery('INSERT INTO `us...')
#3 C:\Users\nicol\Desktop\udemycdicourse\taskapp\vendor\codeigniter4\framework\system\Database\BaseBuilder.php(1916): CodeIgniter\Database\BaseConnection->query('INSERT INTO `us...', Array, false)
#4 C:\Users\nicol\Desktop\udemycdicourse\taskapp\vendor\codeigniter4\framework\system\Model.php(279): CodeIgniter\Database\BaseBuilder->insert()
#5 C:\Users\nicol\Desktop\udemycdicourse\taskapp\vendor\codeigniter4\framework\system\BaseModel.php(748): CodeIgniter\Model->doInsert(Array)
#6 C:\Users\nicol\Desktop\udemycdicourse\taskapp\vendor\codeigniter4\framework\system\Model.php(667): CodeIgniter\BaseModel->insert(Array, true)
#7 C:\Users\nicol\Desktop\udemycdicourse\taskapp\app\Controllers\Admin\Users.php(47): CodeIgniter\Model->insert(Object(App\Entities\User))
#8 C:\Users\nicol\Desktop\udemycdicourse\taskapp\vendor\codeigniter4\framework\system\CodeIgniter.php(902): App\Controllers\Admin\Users->create()
#9 C:\Users\nicol\Desktop\udemycdicourse\taskapp\vendor\codeigniter4\framework\system\CodeIgniter.php(457): CodeIgniter\CodeIgniter->runController(Object(App\Controllers\Admin\Users))
#10 C:\Users\nicol\Desktop\udemycdicourse\taskapp\vendor\codeigniter4\framework\system\CodeIgniter.php(340): CodeIgniter\CodeIgniter->handleRequest(NULL, Object(Config\Cache), false)
#11 C:\Users\nicol\Desktop\udemycdicourse\taskapp\public\index.php(67): CodeIgniter\CodeIgniter->run()
#12 {main}
CRITICAL - 2022-10-28 17:05:56 --> Unknown column 'password_confirmation' in 'field list'
in SYSTEMPATH\Database\MySQLi\Connection.php on line 292.
 1 SYSTEMPATH\Database\MySQLi\Connection.php(292): mysqli->query('INSERT INTO `user` (`name`, `email`, `password_confirmation`, `is_admin`, `created_at`, `updated_at`, `password_hash`) VALUES (\'TesterAdmin\', \'testerAdmin@admin.com\', \'adminadmin\', \'1\', \'2022-10-28 17:05:56\', \'2022-10-28 17:05:56\', \'$2y$10$47MLWi2if23wk0NZZJ3A2eaILBxyX8Guu9EzJ6G6g5rZAbbe0SB0y\')', 0)
 2 SYSTEMPATH\Database\BaseConnection.php(693): CodeIgniter\Database\MySQLi\Connection->execute('INSERT INTO `user` (`name`, `email`, `password_confirmation`, `is_admin`, `created_at`, `updated_at`, `password_hash`) VALUES (\'TesterAdmin\', \'testerAdmin@admin.com\', \'adminadmin\', \'1\', \'2022-10-28 17:05:56\', \'2022-10-28 17:05:56\', \'$2y$10$47MLWi2if23wk0NZZJ3A2eaILBxyX8Guu9EzJ6G6g5rZAbbe0SB0y\')')
 3 SYSTEMPATH\Database\BaseConnection.php(620): CodeIgniter\Database\BaseConnection->simpleQuery('INSERT INTO `user` (`name`, `email`, `password_confirmation`, `is_admin`, `created_at`, `updated_at`, `password_hash`) VALUES (\'TesterAdmin\', \'testerAdmin@admin.com\', \'adminadmin\', \'1\', \'2022-10-28 17:05:56\', \'2022-10-28 17:05:56\', \'$2y$10$47MLWi2if23wk0NZZJ3A2eaILBxyX8Guu9EzJ6G6g5rZAbbe0SB0y\')')
 4 SYSTEMPATH\Database\BaseBuilder.php(1916): CodeIgniter\Database\BaseConnection->query('INSERT INTO `user` (`name`, `email`, `password_confirmation`, `is_admin`, `created_at`, `updated_at`, `password_hash`) VALUES (:name:, :email:, :password_confirmation:, :is_admin:, :created_at:, :updated_at:, :password_hash:)', [...], false)
 5 SYSTEMPATH\Model.php(279): CodeIgniter\Database\BaseBuilder->insert()
 6 SYSTEMPATH\BaseModel.php(748): CodeIgniter\Model->doInsert([...])
 7 SYSTEMPATH\Model.php(667): CodeIgniter\BaseModel->insert([...], true)
 8 APPPATH\Controllers\Admin\Users.php(47): CodeIgniter\Model->insert(Object(App\Entities\User))
 9 SYSTEMPATH\CodeIgniter.php(902): App\Controllers\Admin\Users->create()
10 SYSTEMPATH\CodeIgniter.php(457): CodeIgniter\CodeIgniter->runController(Object(App\Controllers\Admin\Users))
11 SYSTEMPATH\CodeIgniter.php(340): CodeIgniter\CodeIgniter->handleRequest(null, Object(Config\Cache), false)
12 FCPATH\index.php(67): CodeIgniter\CodeIgniter->run()
CRITICAL - 2022-10-28 17:07:30 --> There is no data to insert.
in SYSTEMPATH\BaseModel.php on line 1620.
 1 SYSTEMPATH\BaseModel.php(1620): CodeIgniter\Database\Exceptions\DataException::forEmptyDataset('insert')
 2 SYSTEMPATH\BaseModel.php(708): CodeIgniter\BaseModel->transformDataToArray([], 'insert')
 3 SYSTEMPATH\Model.php(667): CodeIgniter\BaseModel->insert(Object(App\Entities\User), true)
 4 APPPATH\Controllers\Admin\Users.php(47): CodeIgniter\Model->insert(Object(App\Entities\User))
 5 SYSTEMPATH\CodeIgniter.php(902): App\Controllers\Admin\Users->create()
 6 SYSTEMPATH\CodeIgniter.php(457): CodeIgniter\CodeIgniter->runController(Object(App\Controllers\Admin\Users))
 7 SYSTEMPATH\CodeIgniter.php(340): CodeIgniter\CodeIgniter->handleRequest(null, Object(Config\Cache), false)
 8 FCPATH\index.php(67): CodeIgniter\CodeIgniter->run()
CRITICAL - 2022-10-28 17:08:41 --> There is no data to update.
in SYSTEMPATH\BaseModel.php on line 866.
 1 SYSTEMPATH\BaseModel.php(866): CodeIgniter\Database\Exceptions\DataException::forEmptyDataset('update')
 2 SYSTEMPATH\Model.php(693): CodeIgniter\BaseModel->update([...], [])
 3 SYSTEMPATH\BaseModel.php(656): CodeIgniter\Model->update('6', Object(App\Entities\User))
 4 APPPATH\Controllers\Admin\Users.php(88): CodeIgniter\BaseModel->save(Object(App\Entities\User))
 5 SYSTEMPATH\CodeIgniter.php(902): App\Controllers\Admin\Users->update('6')
 6 SYSTEMPATH\CodeIgniter.php(457): CodeIgniter\CodeIgniter->runController(Object(App\Controllers\Admin\Users))
 7 SYSTEMPATH\CodeIgniter.php(340): CodeIgniter\CodeIgniter->handleRequest(null, Object(Config\Cache), false)
 8 FCPATH\index.php(67): CodeIgniter\CodeIgniter->run()
