ERROR - 2022-10-22 08:19:55 --> mysqli_sql_exception: No database selected in C:\Users\nicol\Desktop\udemycdicourse\taskapp\vendor\codeigniter4\framework\system\Database\MySQLi\Connection.php:292
Stack trace:
#0 C:\Users\nicol\Desktop\udemycdicourse\taskapp\vendor\codeigniter4\framework\system\Database\MySQLi\Connection.php(292): mysqli->query('SELECT *\nFROM `...', 0)
#1 C:\Users\nicol\Desktop\udemycdicourse\taskapp\vendor\codeigniter4\framework\system\Database\BaseConnection.php(693): CodeIgniter\Database\MySQLi\Connection->execute('SELECT *\nFROM `...')
#2 C:\Users\nicol\Desktop\udemycdicourse\taskapp\vendor\codeigniter4\framework\system\Database\BaseConnection.php(620): CodeIgniter\Database\BaseConnection->simpleQuery('SELECT *\nFROM `...')
#3 C:\Users\nicol\Desktop\udemycdicourse\taskapp\vendor\codeigniter4\framework\system\Database\BaseBuilder.php(1585): CodeIgniter\Database\BaseConnection->query('SELECT *\nFROM `...', Array, false)
#4 C:\Users\nicol\Desktop\udemycdicourse\taskapp\vendor\codeigniter4\framework\system\Model.php(223): CodeIgniter\Database\BaseBuilder->get()
#5 C:\Users\nicol\Desktop\udemycdicourse\taskapp\vendor\codeigniter4\framework\system\BaseModel.php(584): CodeIgniter\Model->doFindAll(0, 0)
#6 C:\Users\nicol\Desktop\udemycdicourse\taskapp\app\Controllers\Tasks.php(14): CodeIgniter\BaseModel->findAll()
#7 C:\Users\nicol\Desktop\udemycdicourse\taskapp\vendor\codeigniter4\framework\system\CodeIgniter.php(902): App\Controllers\Tasks->index()
#8 C:\Users\nicol\Desktop\udemycdicourse\taskapp\vendor\codeigniter4\framework\system\CodeIgniter.php(457): CodeIgniter\CodeIgniter->runController(Object(App\Controllers\Tasks))
#9 C:\Users\nicol\Desktop\udemycdicourse\taskapp\vendor\codeigniter4\framework\system\CodeIgniter.php(340): CodeIgniter\CodeIgniter->handleRequest(NULL, Object(Config\Cache), false)
#10 C:\Users\nicol\Desktop\udemycdicourse\taskapp\public\index.php(67): CodeIgniter\CodeIgniter->run()
#11 {main}
CRITICAL - 2022-10-22 08:19:55 --> Call to a member function getResult() on bool
in SYSTEMPATH\Model.php on line 224.
 1 SYSTEMPATH\BaseModel.php(584): CodeIgniter\Model->doFindAll(0, 0)
 2 APPPATH\Controllers\Tasks.php(14): CodeIgniter\BaseModel->findAll()
 3 SYSTEMPATH\CodeIgniter.php(902): App\Controllers\Tasks->index()
 4 SYSTEMPATH\CodeIgniter.php(457): CodeIgniter\CodeIgniter->runController(Object(App\Controllers\Tasks))
 5 SYSTEMPATH\CodeIgniter.php(340): CodeIgniter\CodeIgniter->handleRequest(null, Object(Config\Cache), false)
 6 FCPATH\index.php(67): CodeIgniter\CodeIgniter->run()
ERROR - 2022-10-22 08:20:00 --> mysqli_sql_exception: No database selected in C:\Users\nicol\Desktop\udemycdicourse\taskapp\vendor\codeigniter4\framework\system\Database\MySQLi\Connection.php:292
Stack trace:
#0 C:\Users\nicol\Desktop\udemycdicourse\taskapp\vendor\codeigniter4\framework\system\Database\MySQLi\Connection.php(292): mysqli->query('SELECT *\nFROM `...', 0)
#1 C:\Users\nicol\Desktop\udemycdicourse\taskapp\vendor\codeigniter4\framework\system\Database\BaseConnection.php(693): CodeIgniter\Database\MySQLi\Connection->execute('SELECT *\nFROM `...')
#2 C:\Users\nicol\Desktop\udemycdicourse\taskapp\vendor\codeigniter4\framework\system\Database\BaseConnection.php(620): CodeIgniter\Database\BaseConnection->simpleQuery('SELECT *\nFROM `...')
#3 C:\Users\nicol\Desktop\udemycdicourse\taskapp\vendor\codeigniter4\framework\system\Database\BaseBuilder.php(1585): CodeIgniter\Database\BaseConnection->query('SELECT *\nFROM `...', Array, false)
#4 C:\Users\nicol\Desktop\udemycdicourse\taskapp\vendor\codeigniter4\framework\system\Model.php(223): CodeIgniter\Database\BaseBuilder->get()
#5 C:\Users\nicol\Desktop\udemycdicourse\taskapp\vendor\codeigniter4\framework\system\BaseModel.php(584): CodeIgniter\Model->doFindAll(0, 0)
#6 C:\Users\nicol\Desktop\udemycdicourse\taskapp\app\Controllers\Tasks.php(14): CodeIgniter\BaseModel->findAll()
#7 C:\Users\nicol\Desktop\udemycdicourse\taskapp\vendor\codeigniter4\framework\system\CodeIgniter.php(902): App\Controllers\Tasks->index()
#8 C:\Users\nicol\Desktop\udemycdicourse\taskapp\vendor\codeigniter4\framework\system\CodeIgniter.php(457): CodeIgniter\CodeIgniter->runController(Object(App\Controllers\Tasks))
#9 C:\Users\nicol\Desktop\udemycdicourse\taskapp\vendor\codeigniter4\framework\system\CodeIgniter.php(340): CodeIgniter\CodeIgniter->handleRequest(NULL, Object(Config\Cache), false)
#10 C:\Users\nicol\Desktop\udemycdicourse\taskapp\public\index.php(67): CodeIgniter\CodeIgniter->run()
#11 {main}
CRITICAL - 2022-10-22 08:20:00 --> Call to a member function getResult() on bool
in SYSTEMPATH\Model.php on line 224.
 1 SYSTEMPATH\BaseModel.php(584): CodeIgniter\Model->doFindAll(0, 0)
 2 APPPATH\Controllers\Tasks.php(14): CodeIgniter\BaseModel->findAll()
 3 SYSTEMPATH\CodeIgniter.php(902): App\Controllers\Tasks->index()
 4 SYSTEMPATH\CodeIgniter.php(457): CodeIgniter\CodeIgniter->runController(Object(App\Controllers\Tasks))
 5 SYSTEMPATH\CodeIgniter.php(340): CodeIgniter\CodeIgniter->handleRequest(null, Object(Config\Cache), false)
 6 FCPATH\index.php(67): CodeIgniter\CodeIgniter->run()
ERROR - 2022-10-22 08:36:27 --> Error connecting to the database: mysqli_sql_exception: Access denied for user ''@'localhost' (using password: NO) in C:\Users\nicol\Desktop\udemycdicourse\taskapp\vendor\codeigniter4\framework\system\Database\MySQLi\Connection.php:171
Stack trace:
#0 C:\Users\nicol\Desktop\udemycdicourse\taskapp\vendor\codeigniter4\framework\system\Database\MySQLi\Connection.php(171): mysqli->real_connect('localhost', '', '', '', 3306, '', 0)
#1 C:\Users\nicol\Desktop\udemycdicourse\taskapp\vendor\codeigniter4\framework\system\Database\BaseConnection.php(382): CodeIgniter\Database\MySQLi\Connection->connect(false)
#2 C:\Users\nicol\Desktop\udemycdicourse\taskapp\vendor\codeigniter4\framework\system\Database\BaseConnection.php(588): CodeIgniter\Database\BaseConnection->initialize()
#3 C:\Users\nicol\Desktop\udemycdicourse\taskapp\vendor\codeigniter4\framework\system\Database\BaseBuilder.php(1585): CodeIgniter\Database\BaseConnection->query('SELECT *\nFROM `...', Array, false)
#4 C:\Users\nicol\Desktop\udemycdicourse\taskapp\vendor\codeigniter4\framework\system\Model.php(223): CodeIgniter\Database\BaseBuilder->get()
#5 C:\Users\nicol\Desktop\udemycdicourse\taskapp\vendor\codeigniter4\framework\system\BaseModel.php(584): CodeIgniter\Model->doFindAll(0, 0)
#6 C:\Users\nicol\Desktop\udemycdicourse\taskapp\app\Controllers\Tasks.php(14): CodeIgniter\BaseModel->findAll()
#7 C:\Users\nicol\Desktop\udemycdicourse\taskapp\vendor\codeigniter4\framework\system\CodeIgniter.php(902): App\Controllers\Tasks->index()
#8 C:\Users\nicol\Desktop\udemycdicourse\taskapp\vendor\codeigniter4\framework\system\CodeIgniter.php(457): CodeIgniter\CodeIgniter->runController(Object(App\Controllers\Tasks))
#9 C:\Users\nicol\Desktop\udemycdicourse\taskapp\vendor\codeigniter4\framework\system\CodeIgniter.php(340): CodeIgniter\CodeIgniter->handleRequest(NULL, Object(Config\Cache), false)
#10 C:\Users\nicol\Desktop\udemycdicourse\taskapp\public\index.php(67): CodeIgniter\CodeIgniter->run()
#11 {main}

Next CodeIgniter\Database\Exceptions\DatabaseException: Access denied for user ''@'localhost' (using password: NO) in C:\Users\nicol\Desktop\udemycdicourse\taskapp\vendor\codeigniter4\framework\system\Database\MySQLi\Connection.php:215
Stack trace:
#0 C:\Users\nicol\Desktop\udemycdicourse\taskapp\vendor\codeigniter4\framework\system\Database\BaseConnection.php(382): CodeIgniter\Database\MySQLi\Connection->connect(false)
#1 C:\Users\nicol\Desktop\udemycdicourse\taskapp\vendor\codeigniter4\framework\system\Database\BaseConnection.php(588): CodeIgniter\Database\BaseConnection->initialize()
#2 C:\Users\nicol\Desktop\udemycdicourse\taskapp\vendor\codeigniter4\framework\system\Database\BaseBuilder.php(1585): CodeIgniter\Database\BaseConnection->query('SELECT *\nFROM `...', Array, false)
#3 C:\Users\nicol\Desktop\udemycdicourse\taskapp\vendor\codeigniter4\framework\system\Model.php(223): CodeIgniter\Database\BaseBuilder->get()
#4 C:\Users\nicol\Desktop\udemycdicourse\taskapp\vendor\codeigniter4\framework\system\BaseModel.php(584): CodeIgniter\Model->doFindAll(0, 0)
#5 C:\Users\nicol\Desktop\udemycdicourse\taskapp\app\Controllers\Tasks.php(14): CodeIgniter\BaseModel->findAll()
#6 C:\Users\nicol\Desktop\udemycdicourse\taskapp\vendor\codeigniter4\framework\system\CodeIgniter.php(902): App\Controllers\Tasks->index()
#7 C:\Users\nicol\Desktop\udemycdicourse\taskapp\vendor\codeigniter4\framework\system\CodeIgniter.php(457): CodeIgniter\CodeIgniter->runController(Object(App\Controllers\Tasks))
#8 C:\Users\nicol\Desktop\udemycdicourse\taskapp\vendor\codeigniter4\framework\system\CodeIgniter.php(340): CodeIgniter\CodeIgniter->handleRequest(NULL, Object(Config\Cache), false)
#9 C:\Users\nicol\Desktop\udemycdicourse\taskapp\public\index.php(67): CodeIgniter\CodeIgniter->run()
#10 {main}
CRITICAL - 2022-10-22 08:36:27 --> Unable to connect to the database.
Main connection [MySQLi]: Access denied for user ''@'localhost' (using password: NO)
in SYSTEMPATH\Database\BaseConnection.php on line 418.
 1 SYSTEMPATH\Database\BaseConnection.php(588): CodeIgniter\Database\BaseConnection->initialize()
 2 SYSTEMPATH\Database\BaseBuilder.php(1585): CodeIgniter\Database\BaseConnection->query('SELECT *
FROM `task`', [], false)
 3 SYSTEMPATH\Model.php(223): CodeIgniter\Database\BaseBuilder->get()
 4 SYSTEMPATH\BaseModel.php(584): CodeIgniter\Model->doFindAll(0, 0)
 5 APPPATH\Controllers\Tasks.php(14): CodeIgniter\BaseModel->findAll()
 6 SYSTEMPATH\CodeIgniter.php(902): App\Controllers\Tasks->index()
 7 SYSTEMPATH\CodeIgniter.php(457): CodeIgniter\CodeIgniter->runController(Object(App\Controllers\Tasks))
 8 SYSTEMPATH\CodeIgniter.php(340): CodeIgniter\CodeIgniter->handleRequest(null, Object(Config\Cache), false)
 9 FCPATH\index.php(67): CodeIgniter\CodeIgniter->run()
ERROR - 2022-10-22 08:38:19 --> Error connecting to the database: mysqli_sql_exception: Access denied for user ''@'localhost' (using password: NO) in C:\Users\nicol\Desktop\udemycdicourse\taskapp\vendor\codeigniter4\framework\system\Database\MySQLi\Connection.php:171
Stack trace:
#0 C:\Users\nicol\Desktop\udemycdicourse\taskapp\vendor\codeigniter4\framework\system\Database\MySQLi\Connection.php(171): mysqli->real_connect('localhost', '', '', '', 3306, '', 0)
#1 C:\Users\nicol\Desktop\udemycdicourse\taskapp\vendor\codeigniter4\framework\system\Database\BaseConnection.php(382): CodeIgniter\Database\MySQLi\Connection->connect(false)
#2 C:\Users\nicol\Desktop\udemycdicourse\taskapp\vendor\codeigniter4\framework\system\Database\BaseConnection.php(588): CodeIgniter\Database\BaseConnection->initialize()
#3 C:\Users\nicol\Desktop\udemycdicourse\taskapp\vendor\codeigniter4\framework\system\Database\BaseBuilder.php(1585): CodeIgniter\Database\BaseConnection->query('SELECT *\nFROM `...', Array, false)
#4 C:\Users\nicol\Desktop\udemycdicourse\taskapp\vendor\codeigniter4\framework\system\Model.php(223): CodeIgniter\Database\BaseBuilder->get()
#5 C:\Users\nicol\Desktop\udemycdicourse\taskapp\vendor\codeigniter4\framework\system\BaseModel.php(584): CodeIgniter\Model->doFindAll(0, 0)
#6 C:\Users\nicol\Desktop\udemycdicourse\taskapp\app\Controllers\Tasks.php(14): CodeIgniter\BaseModel->findAll()
#7 C:\Users\nicol\Desktop\udemycdicourse\taskapp\vendor\codeigniter4\framework\system\CodeIgniter.php(902): App\Controllers\Tasks->index()
#8 C:\Users\nicol\Desktop\udemycdicourse\taskapp\vendor\codeigniter4\framework\system\CodeIgniter.php(457): CodeIgniter\CodeIgniter->runController(Object(App\Controllers\Tasks))
#9 C:\Users\nicol\Desktop\udemycdicourse\taskapp\vendor\codeigniter4\framework\system\CodeIgniter.php(340): CodeIgniter\CodeIgniter->handleRequest(NULL, Object(Config\Cache), false)
#10 C:\Users\nicol\Desktop\udemycdicourse\taskapp\public\index.php(67): CodeIgniter\CodeIgniter->run()
#11 {main}

Next CodeIgniter\Database\Exceptions\DatabaseException: Access denied for user ''@'localhost' (using password: NO) in C:\Users\nicol\Desktop\udemycdicourse\taskapp\vendor\codeigniter4\framework\system\Database\MySQLi\Connection.php:215
Stack trace:
#0 C:\Users\nicol\Desktop\udemycdicourse\taskapp\vendor\codeigniter4\framework\system\Database\BaseConnection.php(382): CodeIgniter\Database\MySQLi\Connection->connect(false)
#1 C:\Users\nicol\Desktop\udemycdicourse\taskapp\vendor\codeigniter4\framework\system\Database\BaseConnection.php(588): CodeIgniter\Database\BaseConnection->initialize()
#2 C:\Users\nicol\Desktop\udemycdicourse\taskapp\vendor\codeigniter4\framework\system\Database\BaseBuilder.php(1585): CodeIgniter\Database\BaseConnection->query('SELECT *\nFROM `...', Array, false)
#3 C:\Users\nicol\Desktop\udemycdicourse\taskapp\vendor\codeigniter4\framework\system\Model.php(223): CodeIgniter\Database\BaseBuilder->get()
#4 C:\Users\nicol\Desktop\udemycdicourse\taskapp\vendor\codeigniter4\framework\system\BaseModel.php(584): CodeIgniter\Model->doFindAll(0, 0)
#5 C:\Users\nicol\Desktop\udemycdicourse\taskapp\app\Controllers\Tasks.php(14): CodeIgniter\BaseModel->findAll()
#6 C:\Users\nicol\Desktop\udemycdicourse\taskapp\vendor\codeigniter4\framework\system\CodeIgniter.php(902): App\Controllers\Tasks->index()
#7 C:\Users\nicol\Desktop\udemycdicourse\taskapp\vendor\codeigniter4\framework\system\CodeIgniter.php(457): CodeIgniter\CodeIgniter->runController(Object(App\Controllers\Tasks))
#8 C:\Users\nicol\Desktop\udemycdicourse\taskapp\vendor\codeigniter4\framework\system\CodeIgniter.php(340): CodeIgniter\CodeIgniter->handleRequest(NULL, Object(Config\Cache), false)
#9 C:\Users\nicol\Desktop\udemycdicourse\taskapp\public\index.php(67): CodeIgniter\CodeIgniter->run()
#10 {main}
CRITICAL - 2022-10-22 08:38:19 --> Unable to connect to the database.
Main connection [MySQLi]: Access denied for user ''@'localhost' (using password: NO)
in SYSTEMPATH\Database\BaseConnection.php on line 418.
 1 SYSTEMPATH\Database\BaseConnection.php(588): CodeIgniter\Database\BaseConnection->initialize()
 2 SYSTEMPATH\Database\BaseBuilder.php(1585): CodeIgniter\Database\BaseConnection->query('SELECT *
FROM `task`', [], false)
 3 SYSTEMPATH\Model.php(223): CodeIgniter\Database\BaseBuilder->get()
 4 SYSTEMPATH\BaseModel.php(584): CodeIgniter\Model->doFindAll(0, 0)
 5 APPPATH\Controllers\Tasks.php(14): CodeIgniter\BaseModel->findAll()
 6 SYSTEMPATH\CodeIgniter.php(902): App\Controllers\Tasks->index()
 7 SYSTEMPATH\CodeIgniter.php(457): CodeIgniter\CodeIgniter->runController(Object(App\Controllers\Tasks))
 8 SYSTEMPATH\CodeIgniter.php(340): CodeIgniter\CodeIgniter->handleRequest(null, Object(Config\Cache), false)
 9 FCPATH\index.php(67): CodeIgniter\CodeIgniter->run()
ERROR - 2022-10-22 08:39:26 --> mysqli_sql_exception: No database selected in C:\Users\nicol\Desktop\udemycdicourse\taskapp\vendor\codeigniter4\framework\system\Database\MySQLi\Connection.php:292
Stack trace:
#0 C:\Users\nicol\Desktop\udemycdicourse\taskapp\vendor\codeigniter4\framework\system\Database\MySQLi\Connection.php(292): mysqli->query('SELECT *\nFROM `...', 0)
#1 C:\Users\nicol\Desktop\udemycdicourse\taskapp\vendor\codeigniter4\framework\system\Database\BaseConnection.php(693): CodeIgniter\Database\MySQLi\Connection->execute('SELECT *\nFROM `...')
#2 C:\Users\nicol\Desktop\udemycdicourse\taskapp\vendor\codeigniter4\framework\system\Database\BaseConnection.php(620): CodeIgniter\Database\BaseConnection->simpleQuery('SELECT *\nFROM `...')
#3 C:\Users\nicol\Desktop\udemycdicourse\taskapp\vendor\codeigniter4\framework\system\Database\BaseBuilder.php(1585): CodeIgniter\Database\BaseConnection->query('SELECT *\nFROM `...', Array, false)
#4 C:\Users\nicol\Desktop\udemycdicourse\taskapp\vendor\codeigniter4\framework\system\Model.php(223): CodeIgniter\Database\BaseBuilder->get()
#5 C:\Users\nicol\Desktop\udemycdicourse\taskapp\vendor\codeigniter4\framework\system\BaseModel.php(584): CodeIgniter\Model->doFindAll(0, 0)
#6 C:\Users\nicol\Desktop\udemycdicourse\taskapp\app\Controllers\Tasks.php(14): CodeIgniter\BaseModel->findAll()
#7 C:\Users\nicol\Desktop\udemycdicourse\taskapp\vendor\codeigniter4\framework\system\CodeIgniter.php(902): App\Controllers\Tasks->index()
#8 C:\Users\nicol\Desktop\udemycdicourse\taskapp\vendor\codeigniter4\framework\system\CodeIgniter.php(457): CodeIgniter\CodeIgniter->runController(Object(App\Controllers\Tasks))
#9 C:\Users\nicol\Desktop\udemycdicourse\taskapp\vendor\codeigniter4\framework\system\CodeIgniter.php(340): CodeIgniter\CodeIgniter->handleRequest(NULL, Object(Config\Cache), false)
#10 C:\Users\nicol\Desktop\udemycdicourse\taskapp\public\index.php(67): CodeIgniter\CodeIgniter->run()
#11 {main}
CRITICAL - 2022-10-22 08:39:26 --> No database selected
in SYSTEMPATH\Database\MySQLi\Connection.php on line 292.
 1 SYSTEMPATH\Database\MySQLi\Connection.php(292): mysqli->query('SELECT *
FROM `task`', 0)
 2 SYSTEMPATH\Database\BaseConnection.php(693): CodeIgniter\Database\MySQLi\Connection->execute('SELECT *
FROM `task`')
 3 SYSTEMPATH\Database\BaseConnection.php(620): CodeIgniter\Database\BaseConnection->simpleQuery('SELECT *
FROM `task`')
 4 SYSTEMPATH\Database\BaseBuilder.php(1585): CodeIgniter\Database\BaseConnection->query('SELECT *
FROM `task`', [], false)
 5 SYSTEMPATH\Model.php(223): CodeIgniter\Database\BaseBuilder->get()
 6 SYSTEMPATH\BaseModel.php(584): CodeIgniter\Model->doFindAll(0, 0)
 7 APPPATH\Controllers\Tasks.php(14): CodeIgniter\BaseModel->findAll()
 8 SYSTEMPATH\CodeIgniter.php(902): App\Controllers\Tasks->index()
 9 SYSTEMPATH\CodeIgniter.php(457): CodeIgniter\CodeIgniter->runController(Object(App\Controllers\Tasks))
10 SYSTEMPATH\CodeIgniter.php(340): CodeIgniter\CodeIgniter->handleRequest(null, Object(Config\Cache), false)
11 FCPATH\index.php(67): CodeIgniter\CodeIgniter->run()
ERROR - 2022-10-22 08:40:01 --> Error connecting to the database: ErrorException: mysqli::real_connect(): php_network_getaddresses: getaddrinfo for taskapp failed: Este host nï¿½o ï¿½ conhecido.  in C:\Users\nicol\Desktop\udemycdicourse\taskapp\vendor\codeigniter4\framework\system\Database\MySQLi\Connection.php:171
Stack trace:
#0 [internal function]: CodeIgniter\Debug\Exceptions->errorHandler(2, 'mysqli::real_co...', 'C:\\Users\\nicol\\...', 171)
#1 C:\Users\nicol\Desktop\udemycdicourse\taskapp\vendor\codeigniter4\framework\system\Database\MySQLi\Connection.php(171): mysqli->real_connect('taskapp', 'helena', '123456', '', 3306, '', 0)
#2 C:\Users\nicol\Desktop\udemycdicourse\taskapp\vendor\codeigniter4\framework\system\Database\BaseConnection.php(382): CodeIgniter\Database\MySQLi\Connection->connect(false)
#3 C:\Users\nicol\Desktop\udemycdicourse\taskapp\vendor\codeigniter4\framework\system\Database\BaseConnection.php(588): CodeIgniter\Database\BaseConnection->initialize()
#4 C:\Users\nicol\Desktop\udemycdicourse\taskapp\vendor\codeigniter4\framework\system\Database\BaseBuilder.php(1585): CodeIgniter\Database\BaseConnection->query('SELECT *\nFROM `...', Array, false)
#5 C:\Users\nicol\Desktop\udemycdicourse\taskapp\vendor\codeigniter4\framework\system\Model.php(223): CodeIgniter\Database\BaseBuilder->get()
#6 C:\Users\nicol\Desktop\udemycdicourse\taskapp\vendor\codeigniter4\framework\system\BaseModel.php(584): CodeIgniter\Model->doFindAll(0, 0)
#7 C:\Users\nicol\Desktop\udemycdicourse\taskapp\app\Controllers\Tasks.php(14): CodeIgniter\BaseModel->findAll()
#8 C:\Users\nicol\Desktop\udemycdicourse\taskapp\vendor\codeigniter4\framework\system\CodeIgniter.php(902): App\Controllers\Tasks->index()
#9 C:\Users\nicol\Desktop\udemycdicourse\taskapp\vendor\codeigniter4\framework\system\CodeIgniter.php(457): CodeIgniter\CodeIgniter->runController(Object(App\Controllers\Tasks))
#10 C:\Users\nicol\Desktop\udemycdicourse\taskapp\vendor\codeigniter4\framework\system\CodeIgniter.php(340): CodeIgniter\CodeIgniter->handleRequest(NULL, Object(Config\Cache), false)
#11 C:\Users\nicol\Desktop\udemycdicourse\taskapp\public\index.php(67): CodeIgniter\CodeIgniter->run()
#12 {main}

Next mysqli_sql_exception: php_network_getaddresses: getaddrinfo for taskapp failed: Este host não é conhecido.  in C:\Users\nicol\Desktop\udemycdicourse\taskapp\vendor\codeigniter4\framework\system\Database\MySQLi\Connection.php:171
Stack trace:
#0 C:\Users\nicol\Desktop\udemycdicourse\taskapp\vendor\codeigniter4\framework\system\Database\MySQLi\Connection.php(171): mysqli->real_connect('taskapp', 'helena', '123456', '', 3306, '', 0)
#1 C:\Users\nicol\Desktop\udemycdicourse\taskapp\vendor\codeigniter4\framework\system\Database\BaseConnection.php(382): CodeIgniter\Database\MySQLi\Connection->connect(false)
#2 C:\Users\nicol\Desktop\udemycdicourse\taskapp\vendor\codeigniter4\framework\system\Database\BaseConnection.php(588): CodeIgniter\Database\BaseConnection->initialize()
#3 C:\Users\nicol\Desktop\udemycdicourse\taskapp\vendor\codeigniter4\framework\system\Database\BaseBuilder.php(1585): CodeIgniter\Database\BaseConnection->query('SELECT *\nFROM `...', Array, false)
#4 C:\Users\nicol\Desktop\udemycdicourse\taskapp\vendor\codeigniter4\framework\system\Model.php(223): CodeIgniter\Database\BaseBuilder->get()
#5 C:\Users\nicol\Desktop\udemycdicourse\taskapp\vendor\codeigniter4\framework\system\BaseModel.php(584): CodeIgniter\Model->doFindAll(0, 0)
#6 C:\Users\nicol\Desktop\udemycdicourse\taskapp\app\Controllers\Tasks.php(14): CodeIgniter\BaseModel->findAll()
#7 C:\Users\nicol\Desktop\udemycdicourse\taskapp\vendor\codeigniter4\framework\system\CodeIgniter.php(902): App\Controllers\Tasks->index()
#8 C:\Users\nicol\Desktop\udemycdicourse\taskapp\vendor\codeigniter4\framework\system\CodeIgniter.php(457): CodeIgniter\CodeIgniter->runController(Object(App\Controllers\Tasks))
#9 C:\Users\nicol\Desktop\udemycdicourse\taskapp\vendor\codeigniter4\framework\system\CodeIgniter.php(340): CodeIgniter\CodeIgniter->handleRequest(NULL, Object(Config\Cache), false)
#10 C:\Users\nicol\Desktop\udemycdicourse\taskapp\public\index.php(67): CodeIgniter\CodeIgniter->run()
#11 {main}

Next CodeIgniter\Database\Exceptions\DatabaseException: php_network_getaddresses: getaddrinfo for taskapp failed: Este host não é conhecido.  in C:\Users\nicol\Desktop\udemycdicourse\taskapp\vendor\codeigniter4\framework\system\Database\MySQLi\Connection.php:215
Stack trace:
#0 C:\Users\nicol\Desktop\udemycdicourse\taskapp\vendor\codeigniter4\framework\system\Database\BaseConnection.php(382): CodeIgniter\Database\MySQLi\Connection->connect(false)
#1 C:\Users\nicol\Desktop\udemycdicourse\taskapp\vendor\codeigniter4\framework\system\Database\BaseConnection.php(588): CodeIgniter\Database\BaseConnection->initialize()
#2 C:\Users\nicol\Desktop\udemycdicourse\taskapp\vendor\codeigniter4\framework\system\Database\BaseBuilder.php(1585): CodeIgniter\Database\BaseConnection->query('SELECT *\nFROM `...', Array, false)
#3 C:\Users\nicol\Desktop\udemycdicourse\taskapp\vendor\codeigniter4\framework\system\Model.php(223): CodeIgniter\Database\BaseBuilder->get()
#4 C:\Users\nicol\Desktop\udemycdicourse\taskapp\vendor\codeigniter4\framework\system\BaseModel.php(584): CodeIgniter\Model->doFindAll(0, 0)
#5 C:\Users\nicol\Desktop\udemycdicourse\taskapp\app\Controllers\Tasks.php(14): CodeIgniter\BaseModel->findAll()
#6 C:\Users\nicol\Desktop\udemycdicourse\taskapp\vendor\codeigniter4\framework\system\CodeIgniter.php(902): App\Controllers\Tasks->index()
#7 C:\Users\nicol\Desktop\udemycdicourse\taskapp\vendor\codeigniter4\framework\system\CodeIgniter.php(457): CodeIgniter\CodeIgniter->runController(Object(App\Controllers\Tasks))
#8 C:\Users\nicol\Desktop\udemycdicourse\taskapp\vendor\codeigniter4\framework\system\CodeIgniter.php(340): CodeIgniter\CodeIgniter->handleRequest(NULL, Object(Config\Cache), false)
#9 C:\Users\nicol\Desktop\udemycdicourse\taskapp\public\index.php(67): CodeIgniter\CodeIgniter->run()
#10 {main}
CRITICAL - 2022-10-22 08:40:01 --> Unable to connect to the database.
Main connection [MySQLi]: php_network_getaddresses: getaddrinfo for taskapp failed: Este host não é conhecido. 
in SYSTEMPATH\Database\BaseConnection.php on line 418.
 1 SYSTEMPATH\Database\BaseConnection.php(588): CodeIgniter\Database\BaseConnection->initialize()
 2 SYSTEMPATH\Database\BaseBuilder.php(1585): CodeIgniter\Database\BaseConnection->query('SELECT *
FROM `task`', [], false)
 3 SYSTEMPATH\Model.php(223): CodeIgniter\Database\BaseBuilder->get()
 4 SYSTEMPATH\BaseModel.php(584): CodeIgniter\Model->doFindAll(0, 0)
 5 APPPATH\Controllers\Tasks.php(14): CodeIgniter\BaseModel->findAll()
 6 SYSTEMPATH\CodeIgniter.php(902): App\Controllers\Tasks->index()
 7 SYSTEMPATH\CodeIgniter.php(457): CodeIgniter\CodeIgniter->runController(Object(App\Controllers\Tasks))
 8 SYSTEMPATH\CodeIgniter.php(340): CodeIgniter\CodeIgniter->handleRequest(null, Object(Config\Cache), false)
 9 FCPATH\index.php(67): CodeIgniter\CodeIgniter->run()
ERROR - 2022-10-22 08:40:31 --> Error connecting to the database: ErrorException: mysqli::real_connect(): php_network_getaddresses: getaddrinfo for taskapp failed: Este host nï¿½o ï¿½ conhecido.  in C:\Users\nicol\Desktop\udemycdicourse\taskapp\vendor\codeigniter4\framework\system\Database\MySQLi\Connection.php:171
Stack trace:
#0 [internal function]: CodeIgniter\Debug\Exceptions->errorHandler(2, 'mysqli::real_co...', 'C:\\Users\\nicol\\...', 171)
#1 C:\Users\nicol\Desktop\udemycdicourse\taskapp\vendor\codeigniter4\framework\system\Database\MySQLi\Connection.php(171): mysqli->real_connect('taskapp', 'helena', '123456', '', 3306, '', 0)
#2 C:\Users\nicol\Desktop\udemycdicourse\taskapp\vendor\codeigniter4\framework\system\Database\BaseConnection.php(382): CodeIgniter\Database\MySQLi\Connection->connect(false)
#3 C:\Users\nicol\Desktop\udemycdicourse\taskapp\vendor\codeigniter4\framework\system\Database\BaseConnection.php(588): CodeIgniter\Database\BaseConnection->initialize()
#4 C:\Users\nicol\Desktop\udemycdicourse\taskapp\vendor\codeigniter4\framework\system\Database\BaseBuilder.php(1585): CodeIgniter\Database\BaseConnection->query('SELECT *\nFROM `...', Array, false)
#5 C:\Users\nicol\Desktop\udemycdicourse\taskapp\vendor\codeigniter4\framework\system\Model.php(223): CodeIgniter\Database\BaseBuilder->get()
#6 C:\Users\nicol\Desktop\udemycdicourse\taskapp\vendor\codeigniter4\framework\system\BaseModel.php(584): CodeIgniter\Model->doFindAll(0, 0)
#7 C:\Users\nicol\Desktop\udemycdicourse\taskapp\app\Controllers\Tasks.php(14): CodeIgniter\BaseModel->findAll()
#8 C:\Users\nicol\Desktop\udemycdicourse\taskapp\vendor\codeigniter4\framework\system\CodeIgniter.php(902): App\Controllers\Tasks->index()
#9 C:\Users\nicol\Desktop\udemycdicourse\taskapp\vendor\codeigniter4\framework\system\CodeIgniter.php(457): CodeIgniter\CodeIgniter->runController(Object(App\Controllers\Tasks))
#10 C:\Users\nicol\Desktop\udemycdicourse\taskapp\vendor\codeigniter4\framework\system\CodeIgniter.php(340): CodeIgniter\CodeIgniter->handleRequest(NULL, Object(Config\Cache), false)
#11 C:\Users\nicol\Desktop\udemycdicourse\taskapp\public\index.php(67): CodeIgniter\CodeIgniter->run()
#12 {main}

Next mysqli_sql_exception: php_network_getaddresses: getaddrinfo for taskapp failed: Este host não é conhecido.  in C:\Users\nicol\Desktop\udemycdicourse\taskapp\vendor\codeigniter4\framework\system\Database\MySQLi\Connection.php:171
Stack trace:
#0 C:\Users\nicol\Desktop\udemycdicourse\taskapp\vendor\codeigniter4\framework\system\Database\MySQLi\Connection.php(171): mysqli->real_connect('taskapp', 'helena', '123456', '', 3306, '', 0)
#1 C:\Users\nicol\Desktop\udemycdicourse\taskapp\vendor\codeigniter4\framework\system\Database\BaseConnection.php(382): CodeIgniter\Database\MySQLi\Connection->connect(false)
#2 C:\Users\nicol\Desktop\udemycdicourse\taskapp\vendor\codeigniter4\framework\system\Database\BaseConnection.php(588): CodeIgniter\Database\BaseConnection->initialize()
#3 C:\Users\nicol\Desktop\udemycdicourse\taskapp\vendor\codeigniter4\framework\system\Database\BaseBuilder.php(1585): CodeIgniter\Database\BaseConnection->query('SELECT *\nFROM `...', Array, false)
#4 C:\Users\nicol\Desktop\udemycdicourse\taskapp\vendor\codeigniter4\framework\system\Model.php(223): CodeIgniter\Database\BaseBuilder->get()
#5 C:\Users\nicol\Desktop\udemycdicourse\taskapp\vendor\codeigniter4\framework\system\BaseModel.php(584): CodeIgniter\Model->doFindAll(0, 0)
#6 C:\Users\nicol\Desktop\udemycdicourse\taskapp\app\Controllers\Tasks.php(14): CodeIgniter\BaseModel->findAll()
#7 C:\Users\nicol\Desktop\udemycdicourse\taskapp\vendor\codeigniter4\framework\system\CodeIgniter.php(902): App\Controllers\Tasks->index()
#8 C:\Users\nicol\Desktop\udemycdicourse\taskapp\vendor\codeigniter4\framework\system\CodeIgniter.php(457): CodeIgniter\CodeIgniter->runController(Object(App\Controllers\Tasks))
#9 C:\Users\nicol\Desktop\udemycdicourse\taskapp\vendor\codeigniter4\framework\system\CodeIgniter.php(340): CodeIgniter\CodeIgniter->handleRequest(NULL, Object(Config\Cache), false)
#10 C:\Users\nicol\Desktop\udemycdicourse\taskapp\public\index.php(67): CodeIgniter\CodeIgniter->run()
#11 {main}

Next CodeIgniter\Database\Exceptions\DatabaseException: php_network_getaddresses: getaddrinfo for taskapp failed: Este host não é conhecido.  in C:\Users\nicol\Desktop\udemycdicourse\taskapp\vendor\codeigniter4\framework\system\Database\MySQLi\Connection.php:215
Stack trace:
#0 C:\Users\nicol\Desktop\udemycdicourse\taskapp\vendor\codeigniter4\framework\system\Database\BaseConnection.php(382): CodeIgniter\Database\MySQLi\Connection->connect(false)
#1 C:\Users\nicol\Desktop\udemycdicourse\taskapp\vendor\codeigniter4\framework\system\Database\BaseConnection.php(588): CodeIgniter\Database\BaseConnection->initialize()
#2 C:\Users\nicol\Desktop\udemycdicourse\taskapp\vendor\codeigniter4\framework\system\Database\BaseBuilder.php(1585): CodeIgniter\Database\BaseConnection->query('SELECT *\nFROM `...', Array, false)
#3 C:\Users\nicol\Desktop\udemycdicourse\taskapp\vendor\codeigniter4\framework\system\Model.php(223): CodeIgniter\Database\BaseBuilder->get()
#4 C:\Users\nicol\Desktop\udemycdicourse\taskapp\vendor\codeigniter4\framework\system\BaseModel.php(584): CodeIgniter\Model->doFindAll(0, 0)
#5 C:\Users\nicol\Desktop\udemycdicourse\taskapp\app\Controllers\Tasks.php(14): CodeIgniter\BaseModel->findAll()
#6 C:\Users\nicol\Desktop\udemycdicourse\taskapp\vendor\codeigniter4\framework\system\CodeIgniter.php(902): App\Controllers\Tasks->index()
#7 C:\Users\nicol\Desktop\udemycdicourse\taskapp\vendor\codeigniter4\framework\system\CodeIgniter.php(457): CodeIgniter\CodeIgniter->runController(Object(App\Controllers\Tasks))
#8 C:\Users\nicol\Desktop\udemycdicourse\taskapp\vendor\codeigniter4\framework\system\CodeIgniter.php(340): CodeIgniter\CodeIgniter->handleRequest(NULL, Object(Config\Cache), false)
#9 C:\Users\nicol\Desktop\udemycdicourse\taskapp\public\index.php(67): CodeIgniter\CodeIgniter->run()
#10 {main}
CRITICAL - 2022-10-22 08:40:31 --> Unable to connect to the database.
Main connection [MySQLi]: php_network_getaddresses: getaddrinfo for taskapp failed: Este host não é conhecido. 
in SYSTEMPATH\Database\BaseConnection.php on line 418.
 1 SYSTEMPATH\Database\BaseConnection.php(588): CodeIgniter\Database\BaseConnection->initialize()
 2 SYSTEMPATH\Database\BaseBuilder.php(1585): CodeIgniter\Database\BaseConnection->query('SELECT *
FROM `task`', [], false)
 3 SYSTEMPATH\Model.php(223): CodeIgniter\Database\BaseBuilder->get()
 4 SYSTEMPATH\BaseModel.php(584): CodeIgniter\Model->doFindAll(0, 0)
 5 APPPATH\Controllers\Tasks.php(14): CodeIgniter\BaseModel->findAll()
 6 SYSTEMPATH\CodeIgniter.php(902): App\Controllers\Tasks->index()
 7 SYSTEMPATH\CodeIgniter.php(457): CodeIgniter\CodeIgniter->runController(Object(App\Controllers\Tasks))
 8 SYSTEMPATH\CodeIgniter.php(340): CodeIgniter\CodeIgniter->handleRequest(null, Object(Config\Cache), false)
 9 FCPATH\index.php(67): CodeIgniter\CodeIgniter->run()
ERROR - 2022-10-22 08:40:35 --> Error connecting to the database: ErrorException: mysqli::real_connect(): php_network_getaddresses: getaddrinfo for taskapp failed: Este host nï¿½o ï¿½ conhecido.  in C:\Users\nicol\Desktop\udemycdicourse\taskapp\vendor\codeigniter4\framework\system\Database\MySQLi\Connection.php:171
Stack trace:
#0 [internal function]: CodeIgniter\Debug\Exceptions->errorHandler(2, 'mysqli::real_co...', 'C:\\Users\\nicol\\...', 171)
#1 C:\Users\nicol\Desktop\udemycdicourse\taskapp\vendor\codeigniter4\framework\system\Database\MySQLi\Connection.php(171): mysqli->real_connect('taskapp', 'helena', '123456', '', 3306, '', 0)
#2 C:\Users\nicol\Desktop\udemycdicourse\taskapp\vendor\codeigniter4\framework\system\Database\BaseConnection.php(382): CodeIgniter\Database\MySQLi\Connection->connect(false)
#3 C:\Users\nicol\Desktop\udemycdicourse\taskapp\vendor\codeigniter4\framework\system\Database\BaseConnection.php(588): CodeIgniter\Database\BaseConnection->initialize()
#4 C:\Users\nicol\Desktop\udemycdicourse\taskapp\vendor\codeigniter4\framework\system\Database\BaseBuilder.php(1585): CodeIgniter\Database\BaseConnection->query('SELECT *\nFROM `...', Array, false)
#5 C:\Users\nicol\Desktop\udemycdicourse\taskapp\vendor\codeigniter4\framework\system\Model.php(223): CodeIgniter\Database\BaseBuilder->get()
#6 C:\Users\nicol\Desktop\udemycdicourse\taskapp\vendor\codeigniter4\framework\system\BaseModel.php(584): CodeIgniter\Model->doFindAll(0, 0)
#7 C:\Users\nicol\Desktop\udemycdicourse\taskapp\app\Controllers\Tasks.php(14): CodeIgniter\BaseModel->findAll()
#8 C:\Users\nicol\Desktop\udemycdicourse\taskapp\vendor\codeigniter4\framework\system\CodeIgniter.php(902): App\Controllers\Tasks->index()
#9 C:\Users\nicol\Desktop\udemycdicourse\taskapp\vendor\codeigniter4\framework\system\CodeIgniter.php(457): CodeIgniter\CodeIgniter->runController(Object(App\Controllers\Tasks))
#10 C:\Users\nicol\Desktop\udemycdicourse\taskapp\vendor\codeigniter4\framework\system\CodeIgniter.php(340): CodeIgniter\CodeIgniter->handleRequest(NULL, Object(Config\Cache), false)
#11 C:\Users\nicol\Desktop\udemycdicourse\taskapp\public\index.php(67): CodeIgniter\CodeIgniter->run()
#12 {main}

Next mysqli_sql_exception: php_network_getaddresses: getaddrinfo for taskapp failed: Este host não é conhecido.  in C:\Users\nicol\Desktop\udemycdicourse\taskapp\vendor\codeigniter4\framework\system\Database\MySQLi\Connection.php:171
Stack trace:
#0 C:\Users\nicol\Desktop\udemycdicourse\taskapp\vendor\codeigniter4\framework\system\Database\MySQLi\Connection.php(171): mysqli->real_connect('taskapp', 'helena', '123456', '', 3306, '', 0)
#1 C:\Users\nicol\Desktop\udemycdicourse\taskapp\vendor\codeigniter4\framework\system\Database\BaseConnection.php(382): CodeIgniter\Database\MySQLi\Connection->connect(false)
#2 C:\Users\nicol\Desktop\udemycdicourse\taskapp\vendor\codeigniter4\framework\system\Database\BaseConnection.php(588): CodeIgniter\Database\BaseConnection->initialize()
#3 C:\Users\nicol\Desktop\udemycdicourse\taskapp\vendor\codeigniter4\framework\system\Database\BaseBuilder.php(1585): CodeIgniter\Database\BaseConnection->query('SELECT *\nFROM `...', Array, false)
#4 C:\Users\nicol\Desktop\udemycdicourse\taskapp\vendor\codeigniter4\framework\system\Model.php(223): CodeIgniter\Database\BaseBuilder->get()
#5 C:\Users\nicol\Desktop\udemycdicourse\taskapp\vendor\codeigniter4\framework\system\BaseModel.php(584): CodeIgniter\Model->doFindAll(0, 0)
#6 C:\Users\nicol\Desktop\udemycdicourse\taskapp\app\Controllers\Tasks.php(14): CodeIgniter\BaseModel->findAll()
#7 C:\Users\nicol\Desktop\udemycdicourse\taskapp\vendor\codeigniter4\framework\system\CodeIgniter.php(902): App\Controllers\Tasks->index()
#8 C:\Users\nicol\Desktop\udemycdicourse\taskapp\vendor\codeigniter4\framework\system\CodeIgniter.php(457): CodeIgniter\CodeIgniter->runController(Object(App\Controllers\Tasks))
#9 C:\Users\nicol\Desktop\udemycdicourse\taskapp\vendor\codeigniter4\framework\system\CodeIgniter.php(340): CodeIgniter\CodeIgniter->handleRequest(NULL, Object(Config\Cache), false)
#10 C:\Users\nicol\Desktop\udemycdicourse\taskapp\public\index.php(67): CodeIgniter\CodeIgniter->run()
#11 {main}

Next CodeIgniter\Database\Exceptions\DatabaseException: php_network_getaddresses: getaddrinfo for taskapp failed: Este host não é conhecido.  in C:\Users\nicol\Desktop\udemycdicourse\taskapp\vendor\codeigniter4\framework\system\Database\MySQLi\Connection.php:215
Stack trace:
#0 C:\Users\nicol\Desktop\udemycdicourse\taskapp\vendor\codeigniter4\framework\system\Database\BaseConnection.php(382): CodeIgniter\Database\MySQLi\Connection->connect(false)
#1 C:\Users\nicol\Desktop\udemycdicourse\taskapp\vendor\codeigniter4\framework\system\Database\BaseConnection.php(588): CodeIgniter\Database\BaseConnection->initialize()
#2 C:\Users\nicol\Desktop\udemycdicourse\taskapp\vendor\codeigniter4\framework\system\Database\BaseBuilder.php(1585): CodeIgniter\Database\BaseConnection->query('SELECT *\nFROM `...', Array, false)
#3 C:\Users\nicol\Desktop\udemycdicourse\taskapp\vendor\codeigniter4\framework\system\Model.php(223): CodeIgniter\Database\BaseBuilder->get()
#4 C:\Users\nicol\Desktop\udemycdicourse\taskapp\vendor\codeigniter4\framework\system\BaseModel.php(584): CodeIgniter\Model->doFindAll(0, 0)
#5 C:\Users\nicol\Desktop\udemycdicourse\taskapp\app\Controllers\Tasks.php(14): CodeIgniter\BaseModel->findAll()
#6 C:\Users\nicol\Desktop\udemycdicourse\taskapp\vendor\codeigniter4\framework\system\CodeIgniter.php(902): App\Controllers\Tasks->index()
#7 C:\Users\nicol\Desktop\udemycdicourse\taskapp\vendor\codeigniter4\framework\system\CodeIgniter.php(457): CodeIgniter\CodeIgniter->runController(Object(App\Controllers\Tasks))
#8 C:\Users\nicol\Desktop\udemycdicourse\taskapp\vendor\codeigniter4\framework\system\CodeIgniter.php(340): CodeIgniter\CodeIgniter->handleRequest(NULL, Object(Config\Cache), false)
#9 C:\Users\nicol\Desktop\udemycdicourse\taskapp\public\index.php(67): CodeIgniter\CodeIgniter->run()
#10 {main}
CRITICAL - 2022-10-22 08:40:35 --> Unable to connect to the database.
Main connection [MySQLi]: php_network_getaddresses: getaddrinfo for taskapp failed: Este host não é conhecido. 
in SYSTEMPATH\Database\BaseConnection.php on line 418.
 1 SYSTEMPATH\Database\BaseConnection.php(588): CodeIgniter\Database\BaseConnection->initialize()
 2 SYSTEMPATH\Database\BaseBuilder.php(1585): CodeIgniter\Database\BaseConnection->query('SELECT *
FROM `task`', [], false)
 3 SYSTEMPATH\Model.php(223): CodeIgniter\Database\BaseBuilder->get()
 4 SYSTEMPATH\BaseModel.php(584): CodeIgniter\Model->doFindAll(0, 0)
 5 APPPATH\Controllers\Tasks.php(14): CodeIgniter\BaseModel->findAll()
 6 SYSTEMPATH\CodeIgniter.php(902): App\Controllers\Tasks->index()
 7 SYSTEMPATH\CodeIgniter.php(457): CodeIgniter\CodeIgniter->runController(Object(App\Controllers\Tasks))
 8 SYSTEMPATH\CodeIgniter.php(340): CodeIgniter\CodeIgniter->handleRequest(null, Object(Config\Cache), false)
 9 FCPATH\index.php(67): CodeIgniter\CodeIgniter->run()
ERROR - 2022-10-22 08:40:42 --> mysqli_sql_exception: No database selected in C:\Users\nicol\Desktop\udemycdicourse\taskapp\vendor\codeigniter4\framework\system\Database\MySQLi\Connection.php:292
Stack trace:
#0 C:\Users\nicol\Desktop\udemycdicourse\taskapp\vendor\codeigniter4\framework\system\Database\MySQLi\Connection.php(292): mysqli->query('SELECT *\nFROM `...', 0)
#1 C:\Users\nicol\Desktop\udemycdicourse\taskapp\vendor\codeigniter4\framework\system\Database\BaseConnection.php(693): CodeIgniter\Database\MySQLi\Connection->execute('SELECT *\nFROM `...')
#2 C:\Users\nicol\Desktop\udemycdicourse\taskapp\vendor\codeigniter4\framework\system\Database\BaseConnection.php(620): CodeIgniter\Database\BaseConnection->simpleQuery('SELECT *\nFROM `...')
#3 C:\Users\nicol\Desktop\udemycdicourse\taskapp\vendor\codeigniter4\framework\system\Database\BaseBuilder.php(1585): CodeIgniter\Database\BaseConnection->query('SELECT *\nFROM `...', Array, false)
#4 C:\Users\nicol\Desktop\udemycdicourse\taskapp\vendor\codeigniter4\framework\system\Model.php(223): CodeIgniter\Database\BaseBuilder->get()
#5 C:\Users\nicol\Desktop\udemycdicourse\taskapp\vendor\codeigniter4\framework\system\BaseModel.php(584): CodeIgniter\Model->doFindAll(0, 0)
#6 C:\Users\nicol\Desktop\udemycdicourse\taskapp\app\Controllers\Tasks.php(14): CodeIgniter\BaseModel->findAll()
#7 C:\Users\nicol\Desktop\udemycdicourse\taskapp\vendor\codeigniter4\framework\system\CodeIgniter.php(902): App\Controllers\Tasks->index()
#8 C:\Users\nicol\Desktop\udemycdicourse\taskapp\vendor\codeigniter4\framework\system\CodeIgniter.php(457): CodeIgniter\CodeIgniter->runController(Object(App\Controllers\Tasks))
#9 C:\Users\nicol\Desktop\udemycdicourse\taskapp\vendor\codeigniter4\framework\system\CodeIgniter.php(340): CodeIgniter\CodeIgniter->handleRequest(NULL, Object(Config\Cache), false)
#10 C:\Users\nicol\Desktop\udemycdicourse\taskapp\public\index.php(67): CodeIgniter\CodeIgniter->run()
#11 {main}
CRITICAL - 2022-10-22 08:40:42 --> No database selected
in SYSTEMPATH\Database\MySQLi\Connection.php on line 292.
 1 SYSTEMPATH\Database\MySQLi\Connection.php(292): mysqli->query('SELECT *
FROM `task`', 0)
 2 SYSTEMPATH\Database\BaseConnection.php(693): CodeIgniter\Database\MySQLi\Connection->execute('SELECT *
FROM `task`')
 3 SYSTEMPATH\Database\BaseConnection.php(620): CodeIgniter\Database\BaseConnection->simpleQuery('SELECT *
FROM `task`')
 4 SYSTEMPATH\Database\BaseBuilder.php(1585): CodeIgniter\Database\BaseConnection->query('SELECT *
FROM `task`', [], false)
 5 SYSTEMPATH\Model.php(223): CodeIgniter\Database\BaseBuilder->get()
 6 SYSTEMPATH\BaseModel.php(584): CodeIgniter\Model->doFindAll(0, 0)
 7 APPPATH\Controllers\Tasks.php(14): CodeIgniter\BaseModel->findAll()
 8 SYSTEMPATH\CodeIgniter.php(902): App\Controllers\Tasks->index()
 9 SYSTEMPATH\CodeIgniter.php(457): CodeIgniter\CodeIgniter->runController(Object(App\Controllers\Tasks))
10 SYSTEMPATH\CodeIgniter.php(340): CodeIgniter\CodeIgniter->handleRequest(null, Object(Config\Cache), false)
11 FCPATH\index.php(67): CodeIgniter\CodeIgniter->run()
